<?xml version="1.0" encoding="UTF-8"?>
<testsuite name="com.ericsson.networkdevice.NorthboundComponentTest" tests="1" skipped="0" failures="0" errors="0" timestamp="2023-11-22T20:32:25" hostname="DESKTOP-T5VCNNR" time="0.556">
  <properties/>
  <testcase name="whenAddDevice_thenDeviceIsAdded()" classname="com.ericsson.networkdevice.NorthboundComponentTest" time="0.556"/>
  <system-out><![CDATA[2023-11-22 21:32:25.170  INFO 9308 --- [    Test worker] .b.t.c.SpringBootTestContextBootstrapper : Neither @ContextConfiguration nor @ContextHierarchy found for test class [com.ericsson.networkdevice.NorthboundComponentTest], using SpringBootContextLoader
2023-11-22 21:32:25.171  INFO 9308 --- [    Test worker] o.s.t.c.support.AbstractContextLoader    : Could not detect default resource locations for test class [com.ericsson.networkdevice.NorthboundComponentTest]: no resource found for suffixes {-context.xml, Context.groovy}.
2023-11-22 21:32:25.171  INFO 9308 --- [    Test worker] t.c.s.AnnotationConfigContextLoaderUtils : Could not detect default configuration classes for test class [com.ericsson.networkdevice.NorthboundComponentTest]: NorthboundComponentTest does not declare any static, non-private, non-final, nested classes annotated with @Configuration.
2023-11-22 21:32:25.173  INFO 9308 --- [    Test worker] .b.t.c.SpringBootTestContextBootstrapper : Found @SpringBootConfiguration com.ericsson.networkdevice.NorthboundComponentApplication for test class com.ericsson.networkdevice.NorthboundComponentTest
2023-11-22 21:32:25.175  INFO 9308 --- [    Test worker] .b.t.c.SpringBootTestContextBootstrapper : Loaded default TestExecutionListener class names from location [META-INF/spring.factories]: [org.springframework.boot.test.autoconfigure.restdocs.RestDocsTestExecutionListener, org.springframework.boot.test.autoconfigure.web.client.MockRestServiceServerResetTestExecutionListener, org.springframework.boot.test.autoconfigure.web.servlet.MockMvcPrintOnlyOnFailureTestExecutionListener, org.springframework.boot.test.autoconfigure.web.servlet.WebDriverTestExecutionListener, org.springframework.boot.test.autoconfigure.webservices.client.MockWebServiceServerTestExecutionListener, org.springframework.boot.test.mock.mockito.MockitoTestExecutionListener, org.springframework.boot.test.mock.mockito.ResetMocksTestExecutionListener, org.springframework.test.context.web.ServletTestExecutionListener, org.springframework.test.context.support.DirtiesContextBeforeModesTestExecutionListener, org.springframework.test.context.event.ApplicationEventsTestExecutionListener, org.springframework.test.context.support.DependencyInjectionTestExecutionListener, org.springframework.test.context.support.DirtiesContextTestExecutionListener, org.springframework.test.context.transaction.TransactionalTestExecutionListener, org.springframework.test.context.jdbc.SqlScriptsTestExecutionListener, org.springframework.test.context.event.EventPublishingTestExecutionListener]
2023-11-22 21:32:25.176  INFO 9308 --- [    Test worker] .b.t.c.SpringBootTestContextBootstrapper : Using TestExecutionListeners: [org.springframework.test.context.web.ServletTestExecutionListener@6de5ad56, org.springframework.test.context.support.DirtiesContextBeforeModesTestExecutionListener@3155f190, org.springframework.test.context.event.ApplicationEventsTestExecutionListener@cfb94fd, org.springframework.boot.test.mock.mockito.MockitoTestExecutionListener@4ebd8d2, org.springframework.boot.test.autoconfigure.SpringBootDependencyInjectionTestExecutionListener@44a44a04, org.springframework.test.context.support.DirtiesContextTestExecutionListener@5a63fa71, org.springframework.test.context.event.EventPublishingTestExecutionListener@a6fc1bc, org.springframework.boot.test.autoconfigure.restdocs.RestDocsTestExecutionListener@5018b56b, org.springframework.boot.test.autoconfigure.web.client.MockRestServiceServerResetTestExecutionListener@360a3106, org.springframework.boot.test.autoconfigure.web.servlet.MockMvcPrintOnlyOnFailureTestExecutionListener@737ff5c4, org.springframework.boot.test.autoconfigure.web.servlet.WebDriverTestExecutionListener@7e9a836, org.springframework.boot.test.autoconfigure.webservices.client.MockWebServiceServerTestExecutionListener@124ff64d, org.springframework.boot.test.mock.mockito.ResetMocksTestExecutionListener@75aa7703]

  .   ____          _            __ _ _
 /\\ / ___'_ __ _ _(_)_ __  __ _ \ \ \ \
( ( )\___ | '_ | '_| | '_ \/ _` | \ \ \ \
 \\/  ___)| |_)| | | | | || (_| |  ) ) ) )
  '  |____| .__|_| |_|_| |_\__, | / / / /
 =========|_|==============|___/=/_/_/_/
 :: Spring Boot ::                (v2.7.6)

2023-11-22 21:32:25.198  INFO 9308 --- [    Test worker] c.e.n.NorthboundComponentTest            : Starting NorthboundComponentTest using Java 17.0.8 on DESKTOP-T5VCNNR with PID 9308 (started by macie in C:\Users\macie\IdeaProjects\NetworkDeviceManagementSystem\northbound-component)
2023-11-22 21:32:25.199  INFO 9308 --- [    Test worker] c.e.n.NorthboundComponentTest            : No active profile set, falling back to 1 default profile: "default"
2023-11-22 21:32:25.866  INFO 9308 --- [    Test worker] c.e.n.NorthboundComponentTest            : Started NorthboundComponentTest in 0.688 seconds (JVM running for 5.624)
]]></system-out>
  <system-err><![CDATA[]]></system-err>
</testsuite>
