<?xml version="1.0" encoding="UTF-8"?>
<testsuite name="com.ericsson.networkdevice.GnmiControllerTest" tests="1" skipped="0" failures="0" errors="0" timestamp="2023-11-22T20:32:24" hostname="DESKTOP-T5VCNNR" time="1.166">
  <properties/>
  <testcase name="whenGetCapabilities_thenStatus200()" classname="com.ericsson.networkdevice.GnmiControllerTest" time="1.166"/>
  <system-out><![CDATA[21:32:21.095 [Test worker] DEBUG org.springframework.test.context.BootstrapUtils - Instantiating CacheAwareContextLoaderDelegate from class [org.springframework.test.context.cache.DefaultCacheAwareContextLoaderDelegate]
21:32:21.108 [Test worker] DEBUG org.springframework.test.context.BootstrapUtils - Instantiating BootstrapContext using constructor [public org.springframework.test.context.support.DefaultBootstrapContext(java.lang.Class,org.springframework.test.context.CacheAwareContextLoaderDelegate)]
21:32:21.143 [Test worker] DEBUG org.springframework.test.context.BootstrapUtils - Instantiating TestContextBootstrapper for test class [com.ericsson.networkdevice.GnmiControllerTest] from class [org.springframework.boot.test.context.SpringBootTestContextBootstrapper]
21:32:21.152 [Test worker] INFO org.springframework.boot.test.context.SpringBootTestContextBootstrapper - Neither @ContextConfiguration nor @ContextHierarchy found for test class [com.ericsson.networkdevice.GnmiControllerTest], using SpringBootContextLoader
21:32:21.156 [Test worker] DEBUG org.springframework.test.context.support.AbstractContextLoader - Did not detect default resource location for test class [com.ericsson.networkdevice.GnmiControllerTest]: class path resource [com/ericsson/networkdevice/GnmiControllerTest-context.xml] does not exist
21:32:21.156 [Test worker] DEBUG org.springframework.test.context.support.AbstractContextLoader - Did not detect default resource location for test class [com.ericsson.networkdevice.GnmiControllerTest]: class path resource [com/ericsson/networkdevice/GnmiControllerTestContext.groovy] does not exist
21:32:21.156 [Test worker] INFO org.springframework.test.context.support.AbstractContextLoader - Could not detect default resource locations for test class [com.ericsson.networkdevice.GnmiControllerTest]: no resource found for suffixes {-context.xml, Context.groovy}.
21:32:21.157 [Test worker] INFO org.springframework.test.context.support.AnnotationConfigContextLoaderUtils - Could not detect default configuration classes for test class [com.ericsson.networkdevice.GnmiControllerTest]: GnmiControllerTest does not declare any static, non-private, non-final, nested classes annotated with @Configuration.
21:32:21.216 [Test worker] DEBUG org.springframework.test.context.support.ActiveProfilesUtils - Could not find an 'annotation declaring class' for annotation type [org.springframework.test.context.ActiveProfiles] and class [com.ericsson.networkdevice.GnmiControllerTest]
21:32:21.293 [Test worker] DEBUG org.springframework.context.annotation.ClassPathScanningCandidateComponentProvider - Identified candidate component class: file [C:\Users\macie\IdeaProjects\NetworkDeviceManagementSystem\northbound-component\build\classes\java\main\com\ericsson\networkdevice\NorthboundComponentApplication.class]
21:32:21.294 [Test worker] INFO org.springframework.boot.test.context.SpringBootTestContextBootstrapper - Found @SpringBootConfiguration com.ericsson.networkdevice.NorthboundComponentApplication for test class com.ericsson.networkdevice.GnmiControllerTest
21:32:21.403 [Test worker] DEBUG org.springframework.boot.test.context.SpringBootTestContextBootstrapper - @TestExecutionListeners is not present for class [com.ericsson.networkdevice.GnmiControllerTest]: using defaults.
21:32:21.403 [Test worker] INFO org.springframework.boot.test.context.SpringBootTestContextBootstrapper - Loaded default TestExecutionListener class names from location [META-INF/spring.factories]: [org.springframework.boot.test.autoconfigure.restdocs.RestDocsTestExecutionListener, org.springframework.boot.test.autoconfigure.web.client.MockRestServiceServerResetTestExecutionListener, org.springframework.boot.test.autoconfigure.web.servlet.MockMvcPrintOnlyOnFailureTestExecutionListener, org.springframework.boot.test.autoconfigure.web.servlet.WebDriverTestExecutionListener, org.springframework.boot.test.autoconfigure.webservices.client.MockWebServiceServerTestExecutionListener, org.springframework.boot.test.mock.mockito.MockitoTestExecutionListener, org.springframework.boot.test.mock.mockito.ResetMocksTestExecutionListener, org.springframework.test.context.web.ServletTestExecutionListener, org.springframework.test.context.support.DirtiesContextBeforeModesTestExecutionListener, org.springframework.test.context.event.ApplicationEventsTestExecutionListener, org.springframework.test.context.support.DependencyInjectionTestExecutionListener, org.springframework.test.context.support.DirtiesContextTestExecutionListener, org.springframework.test.context.transaction.TransactionalTestExecutionListener, org.springframework.test.context.jdbc.SqlScriptsTestExecutionListener, org.springframework.test.context.event.EventPublishingTestExecutionListener]
21:32:21.413 [Test worker] DEBUG org.springframework.boot.test.context.SpringBootTestContextBootstrapper - Skipping candidate TestExecutionListener [org.springframework.test.context.transaction.TransactionalTestExecutionListener] due to a missing dependency. Specify custom listener classes or make the default listener classes and their required dependencies available. Offending class: [org/springframework/transaction/interceptor/TransactionAttributeSource]
21:32:21.414 [Test worker] DEBUG org.springframework.boot.test.context.SpringBootTestContextBootstrapper - Skipping candidate TestExecutionListener [org.springframework.test.context.jdbc.SqlScriptsTestExecutionListener] due to a missing dependency. Specify custom listener classes or make the default listener classes and their required dependencies available. Offending class: [org/springframework/transaction/interceptor/TransactionAttribute]
21:32:21.414 [Test worker] INFO org.springframework.boot.test.context.SpringBootTestContextBootstrapper - Using TestExecutionListeners: [org.springframework.test.context.web.ServletTestExecutionListener@6e46d9f4, org.springframework.test.context.support.DirtiesContextBeforeModesTestExecutionListener@5cc69cfe, org.springframework.test.context.event.ApplicationEventsTestExecutionListener@29cfd92b, org.springframework.boot.test.mock.mockito.MockitoTestExecutionListener@21c64522, org.springframework.boot.test.autoconfigure.SpringBootDependencyInjectionTestExecutionListener@7997b197, org.springframework.test.context.support.DirtiesContextTestExecutionListener@11dee337, org.springframework.test.context.event.EventPublishingTestExecutionListener@460f76a6, org.springframework.boot.test.autoconfigure.restdocs.RestDocsTestExecutionListener@55f3c410, org.springframework.boot.test.autoconfigure.web.client.MockRestServiceServerResetTestExecutionListener@11acdc30, org.springframework.boot.test.autoconfigure.web.servlet.MockMvcPrintOnlyOnFailureTestExecutionListener@770d4269, org.springframework.boot.test.autoconfigure.web.servlet.WebDriverTestExecutionListener@4a8ab068, org.springframework.boot.test.autoconfigure.webservices.client.MockWebServiceServerTestExecutionListener@1922e6d, org.springframework.boot.test.mock.mockito.ResetMocksTestExecutionListener@76a82f33]
21:32:21.418 [Test worker] DEBUG org.springframework.test.context.support.AbstractDirtiesContextTestExecutionListener - Before test class: context [DefaultTestContext@2b52c0d6 testClass = GnmiControllerTest, testInstance = [null], testMethod = [null], testException = [null], mergedContextConfiguration = [WebMergedContextConfiguration@372ea2bc testClass = GnmiControllerTest, locations = '{}', classes = '{class com.ericsson.networkdevice.NorthboundComponentApplication}', contextInitializerClasses = '[]', activeProfiles = '{}', propertySourceLocations = '{}', propertySourceProperties = '{org.springframework.boot.test.context.SpringBootTestContextBootstrapper=true}', contextCustomizers = set[org.springframework.boot.test.autoconfigure.actuate.metrics.MetricsExportContextCustomizerFactory$DisableMetricExportContextCustomizer@79d94571, org.springframework.boot.test.autoconfigure.properties.PropertyMappingContextCustomizer@4b3fa0b3, org.springframework.boot.test.autoconfigure.web.servlet.WebDriverContextCustomizerFactory$Customizer@5023bb8b, [ImportsContextCustomizer@4cc76301 key = [org.springframework.boot.test.autoconfigure.web.servlet.MockMvcAutoConfiguration, org.springframework.boot.test.autoconfigure.web.servlet.MockMvcWebClientAutoConfiguration, org.springframework.boot.test.autoconfigure.web.servlet.MockMvcWebDriverAutoConfiguration, org.springframework.boot.autoconfigure.security.oauth2.client.servlet.OAuth2ClientAutoConfiguration, org.springframework.boot.autoconfigure.security.oauth2.resource.servlet.OAuth2ResourceServerAutoConfiguration, org.springframework.boot.autoconfigure.security.servlet.SecurityAutoConfiguration, org.springframework.boot.autoconfigure.security.servlet.SecurityFilterAutoConfiguration, org.springframework.boot.autoconfigure.security.servlet.UserDetailsServiceAutoConfiguration, org.springframework.boot.test.autoconfigure.web.servlet.MockMvcSecurityConfiguration, org.springframework.boot.test.autoconfigure.web.reactive.WebTestClientAutoConfiguration]], org.springframework.boot.test.context.filter.ExcludeFilterContextCustomizer@10ded6a9, org.springframework.boot.test.json.DuplicateJsonObjectContextCustomizerFactory$DuplicateJsonObjectContextCustomizer@56113384, org.springframework.boot.test.mock.mockito.MockitoContextCustomizer@0, org.springframework.boot.test.web.client.TestRestTemplateContextCustomizer@59f63e24, org.springframework.boot.test.context.SpringBootTestArgs@1, org.springframework.boot.test.context.SpringBootTestWebEnvironment@36916eb0], resourceBasePath = 'src/main/webapp', contextLoader = 'org.springframework.boot.test.context.SpringBootContextLoader', parent = [null]], attributes = map['org.springframework.test.context.web.ServletTestExecutionListener.activateListener' -> true]], class annotated with @DirtiesContext [false] with mode [null].

  .   ____          _            __ _ _
 /\\ / ___'_ __ _ _(_)_ __  __ _ \ \ \ \
( ( )\___ | '_ | '_| | '_ \/ _` | \ \ \ \
 \\/  ___)| |_)| | | | | || (_| |  ) ) ) )
  '  |____| .__|_| |_|_| |_\__, | / / / /
 =========|_|==============|___/=/_/_/_/
 :: Spring Boot ::                (v2.7.6)

2023-11-22 21:32:21.734  INFO 9308 --- [    Test worker] c.e.networkdevice.GnmiControllerTest     : Starting GnmiControllerTest using Java 17.0.8 on DESKTOP-T5VCNNR with PID 9308 (started by macie in C:\Users\macie\IdeaProjects\NetworkDeviceManagementSystem\northbound-component)
2023-11-22 21:32:21.736  INFO 9308 --- [    Test worker] c.e.networkdevice.GnmiControllerTest     : No active profile set, falling back to 1 default profile: "default"
2023-11-22 21:32:23.944  INFO 9308 --- [    Test worker] o.s.b.t.m.w.SpringBootMockServletContext : Initializing Spring TestDispatcherServlet ''
2023-11-22 21:32:23.945  INFO 9308 --- [    Test worker] o.s.t.web.servlet.TestDispatcherServlet  : Initializing Servlet ''
2023-11-22 21:32:23.946  INFO 9308 --- [    Test worker] o.s.t.web.servlet.TestDispatcherServlet  : Completed initialization in 1 ms
2023-11-22 21:32:23.975  INFO 9308 --- [    Test worker] c.e.networkdevice.GnmiControllerTest     : Started GnmiControllerTest in 2.524 seconds (JVM running for 3.733)
]]></system-out>
  <system-err><![CDATA[]]></system-err>
</testsuite>
